0 info it worked if it ends with ok
1 verbose cli [ 'C:\\Program Files\\nodejs\\node.exe',
1 verbose cli   'C:\\Users\\Alex\\AppData\\Roaming\\npm\\node_modules\\npm\\bin\\npm-cli.js',
1 verbose cli   'start' ]
2 info using npm@4.1.1
3 info using node@v6.3.1
4 verbose run-script [ 'prestart', 'start', 'poststart' ]
5 info lifecycle spacemmo@1.0.0~prestart: spacemmo@1.0.0
6 silly lifecycle spacemmo@1.0.0~prestart: no script for prestart, continuing
7 info lifecycle spacemmo@1.0.0~start: spacemmo@1.0.0
8 verbose lifecycle spacemmo@1.0.0~start: unsafe-perm in lifecycle true
9 verbose lifecycle spacemmo@1.0.0~start: PATH: C:\Users\Alex\AppData\Roaming\npm\node_modules\npm\bin\node-gyp-bin;C:\Users\Alex\Documents\prgm\spacemmo\node_modules\.bin;C:\Users\Alex\.babun\cygwin\home\Alex\.local\bin;C:\Users\Alex\.babun\cygwin\usr\local\bin;C:\Users\Alex\.babun\cygwin\usr\local\bin;C:\Users\Alex\.babun\cygwin\bin;C:\Users\Alex\.babun\cygwin\home\Alex\.local\bin;C:\Program Files\Common Files\Microsoft Shared\Windows Live;C:\Program Files (x86)\Common Files\Microsoft Shared\Windows Live;C:\ProgramData\Oracle\Java\javapath;C:\Windows\system32;C:\Windows;C:\Windows\System32\Wbem;C:\Windows\System32\WindowsPowerShell\v1.0;C:\Go\bin;C:\Program Files (x86)\Skype\Phone;C:\Python27;C:\Python27\Scripts;C:\Program Files (x86)\IsoBuster;C:\Windows\system32\config\systemprofile\.dnx\bin;C:\Program Files\Microsoft DNX\Dnvm;C:\Program Files\Microsoft SQL Server\120\Tools\Binn;C:\Program Files\Microsoft SQL Server\130\Tools\Binn;C:\Program Files\nodejs;C:\Program Files\Git\cmd;C:\Program Files\Git\mingw64\bin;C:\Program Files\Git\usr\bin;C:\Program Files (x86)\Windows Live\Shared;C:\Users\Alex\.babun;C:\.babun;C:\Users\Alex\AppData\Roaming\npm
10 verbose lifecycle spacemmo@1.0.0~start: CWD: C:\Users\Alex\Documents\prgm\spacemmo
11 silly lifecycle spacemmo@1.0.0~start: Args: [ '/d /s /c', 'node server.js' ]
12 silly lifecycle spacemmo@1.0.0~start: Returned: code: 1  signal: null
13 info lifecycle spacemmo@1.0.0~start: Failed to exec start script
14 verbose stack Error: spacemmo@1.0.0 start: `node server.js`
14 verbose stack Exit status 1
14 verbose stack     at EventEmitter.<anonymous> (C:\Users\Alex\AppData\Roaming\npm\node_modules\npm\lib\utils\lifecycle.js:279:16)
14 verbose stack     at emitTwo (events.js:106:13)
14 verbose stack     at EventEmitter.emit (events.js:191:7)
14 verbose stack     at ChildProcess.<anonymous> (C:\Users\Alex\AppData\Roaming\npm\node_modules\npm\lib\utils\spawn.js:40:14)
14 verbose stack     at emitTwo (events.js:106:13)
14 verbose stack     at ChildProcess.emit (events.js:191:7)
14 verbose stack     at maybeClose (internal/child_process.js:852:16)
14 verbose stack     at Process.ChildProcess._handle.onexit (internal/child_process.js:215:5)
15 verbose pkgid spacemmo@1.0.0
16 verbose cwd C:\Users\Alex\Documents\prgm\spacemmo
17 error Windows_NT 6.1.7601
18 error argv "C:\\Program Files\\nodejs\\node.exe" "C:\\Users\\Alex\\AppData\\Roaming\\npm\\node_modules\\npm\\bin\\npm-cli.js" "start"
19 error node v6.3.1
20 error npm  v4.1.1
21 error code ELIFECYCLE
22 error spacemmo@1.0.0 start: `node server.js`
22 error Exit status 1
23 error Failed at the spacemmo@1.0.0 start script 'node server.js'.
23 error Make sure you have the latest version of node.js and npm installed.
23 error If you do, this is most likely a problem with the spacemmo package,
23 error not with npm itself.
23 error Tell the author that this fails on your system:
23 error     node server.js
23 error You can get information on how to open an issue for this project with:
23 error     npm bugs spacemmo
23 error Or if that isn't available, you can get their info via:
23 error     npm owner ls spacemmo
23 error There is likely additional logging output above.
24 verbose exit [ 1, true ]
